<?xml version="1.0"?>
<component name="org.nuxeo.ecm.directory.core.memory.dir.invalid">

  <extension target="org.nuxeo.ecm.directory.memory.MemDirectoryFactory" point="directories">
    <directory name="missingTemplate" extends="foo" />
  </extension>

</component>
