<component name="org.nuxeo.ecm.core.rules.test-operations-tx">

  <extension point="operations" target="org.nuxeo.ecm.core.operation.OperationServiceComponent">
    <operation class="org.nuxeo.ecm.automation.core.test.RunOnListItemWithTx" />
  </extension>

</component>
